<?xml version="1.0" encoding="UTF-8"?>
<!-- Generated by org.testng.reporters.JUnitReportReporter -->
<testsuite hostname="DESKTOP-2SGPBKM" failures="0" tests="1" name="TestCase.HotelSearch_TestCase" time="111.519" errors="0" timestamp="2024-05-06T13:50:19 IST" skipped="0">
  <testcase classname="TestCase.HotelSearch_TestCase" name="hotelSearchTest" time="111.519"/>
  <system-out/>
</testsuite> <!-- TestCase.HotelSearch_TestCase -->
